[2026-06-17 22:40:09] INFO: Postgres: User authentication failed.
[2026-06-17 22:40:10] INFO: Postgres: Query execution took too long.
[2026-06-17 22:40:11] WARNING: Postgres: Data synchronization complete.
[2026-06-17 22:40:12] ERROR: Postgres: Connection established successfully.
[2026-06-17 22:40:12] WARNING: Postgres: Connection established successfully.
[2026-06-17 22:42:58] WARNING: Postgres: Data synchronization complete.
[2026-06-17 22:42:59] WARNING: Postgres: Data synchronization complete.
[2026-06-17 22:42:59] ERROR: Postgres: Data synchronization complete.
[2026-06-17 22:43:00] WARNING: Postgres: Query execution took too long.
[2026-06-17 22:43:01] INFO: Postgres: Data synchronization complete.
[2026-06-17 22:43:02] INFO: Postgres: Data synchronization complete.
[2026-06-18 02:18:16] WARNING: Postgres: User authentication failed.
[2026-06-18 02:18:16] INFO: Postgres: Connection established successfully.
[2026-06-18 02:18:17] WARNING: Postgres: Connection established successfully.
[2026-06-18 02:18:17] ERROR: Postgres: User authentication failed.
[2026-06-18 02:18:17] WARNING: Postgres: Timeout occurred while waiting for response.
[2026-06-18 02:18:18] WARNING: Postgres: Connection established successfully.
[2026-06-18 02:18:19] ERROR: Postgres: Query execution took too long.
[2026-06-18 02:18:47] WARNING: Postgres: Query execution took too long.
[2026-06-18 02:18:49] WARNING: Postgres: Connection established successfully.
[2026-06-18 02:18:50] WARNING: Postgres: Data synchronization complete.
