[2026-06-17 22:40:09] INFO: Streamlit: Query execution took too long.
[2026-06-17 22:40:10] WARNING: Streamlit: Query execution took too long.
[2026-06-17 22:40:11] WARNING: Streamlit: Memory usage spike detected.
[2026-06-17 22:40:11] INFO: Streamlit: Data synchronization complete.
[2026-06-17 22:40:12] ERROR: Streamlit: Memory usage spike detected.
[2026-06-17 22:40:13] WARNING: Streamlit: Data synchronization complete.
[2026-06-17 22:42:58] WARNING: Streamlit: Timeout occurred while waiting for response.
[2026-06-17 22:43:00] INFO: Streamlit: Data synchronization complete.
[2026-06-17 22:43:00] INFO: Streamlit: Data synchronization complete.
[2026-06-17 22:43:00] WARNING: Streamlit: Timeout occurred while waiting for response.
[2026-06-17 22:43:01] WARNING: Streamlit: Connection established successfully.
[2026-06-17 22:43:01] WARNING: Streamlit: Connection established successfully.
[2026-06-17 22:43:01] WARNING: Streamlit: Query execution took too long.
[2026-06-18 02:18:16] ERROR: Streamlit: Data synchronization complete.
[2026-06-18 02:18:16] ERROR: Streamlit: User authentication failed.
[2026-06-18 02:18:18] ERROR: Streamlit: Memory usage spike detected.
[2026-06-18 02:18:19] WARNING: Streamlit: User authentication failed.
[2026-06-18 02:18:19] INFO: Streamlit: Memory usage spike detected.
[2026-06-18 02:18:19] INFO: Streamlit: Query execution took too long.
[2026-06-18 02:18:48] ERROR: Streamlit: Connection established successfully.
[2026-06-18 02:18:48] INFO: Streamlit: Connection established successfully.
[2026-06-18 02:18:48] INFO: Streamlit: Data synchronization complete.
[2026-06-18 02:18:48] WARNING: Streamlit: Data synchronization complete.
[2026-06-18 02:18:50] WARNING: Streamlit: Memory usage spike detected.
[2026-06-18 02:18:50] INFO: Streamlit: Data synchronization complete.
[2026-06-18 02:18:51] INFO: Streamlit: Data synchronization complete.
